<?xml version="1.0" encoding="UTF-8"?>
<testsuite name="quru.qa.WikiLanguagesPagesTest" tests="2" skipped="0" failures="0" errors="0" timestamp="2026-06-22T19:21:55.368Z" hostname="DESKTOP-579T290" time="6.146">
  <properties/>
  <testcase name="Проверка содержимого правой навигационной панели для языка Русский" classname="quru.qa.WikiLanguagesPagesTest" time="4.867"/>
  <testcase name="Проверка содержимого правой навигационной панели для языка English" classname="quru.qa.WikiLanguagesPagesTest" time="1.244"/>
  <system-out><![CDATA[]]></system-out>
  <system-err><![CDATA[SLF4J(W): No SLF4J providers were found.
SLF4J(W): Defaulting to no-operation (NOP) logger implementation
SLF4J(W): See https://www.slf4j.org/codes.html#noProviders for further details.
июн. 22, 2026 10:21:56 PM org.openqa.selenium.devtools.CdpVersionFinder findNearestMatch
WARNING: Unable to find an exact match for CDP version 149, returning the closest version; found: 148; Please update to a Selenium version that supports CDP version 149
]]></system-err>
</testsuite>
